0 info it worked if it ends with ok
1 verbose cli [ '/home/mikee/.nvm/versions/node/v5.0.0/bin/node',
1 verbose cli   '/home/mikee/.nvm/versions/node/v5.0.0/bin/npm',
1 verbose cli   'run',
1 verbose cli   'debug' ]
2 info using npm@3.3.6
3 info using node@v5.0.0
4 verbose run-script [ 'predebug', 'debug', 'postdebug' ]
5 info lifecycle impossiblefish@0.0.1~predebug: impossiblefish@0.0.1
6 silly lifecycle impossiblefish@0.0.1~predebug: no script for predebug, continuing
7 info lifecycle impossiblefish@0.0.1~debug: impossiblefish@0.0.1
8 verbose lifecycle impossiblefish@0.0.1~debug: unsafe-perm in lifecycle true
9 verbose lifecycle impossiblefish@0.0.1~debug: PATH: /home/mikee/.nvm/versions/node/v5.0.0/lib/node_modules/npm/bin/node-gyp-bin:/home/mikee/sandbox/impossiblefish/node_modules/.bin:/home/mikee/.nvm/versions/node/v5.0.0/bin:/usr/local/sbin:/usr/local/bin:/usr/sbin:/usr/bin:/sbin:/bin:/usr/games:/usr/local/games
10 verbose lifecycle impossiblefish@0.0.1~debug: CWD: /home/mikee/sandbox/impossiblefish
11 silly lifecycle impossiblefish@0.0.1~debug: Args: [ '-c',
11 silly lifecycle   'webpack-dev-server --devtool source-map --inline --progress --colors --content-base public' ]
12 silly lifecycle impossiblefish@0.0.1~debug: Returned: code: 1  signal: null
13 info lifecycle impossiblefish@0.0.1~debug: Failed to exec debug script
14 verbose stack Error: impossiblefish@0.0.1 debug: `webpack-dev-server --devtool source-map --inline --progress --colors --content-base public`
14 verbose stack Exit status 1
14 verbose stack     at EventEmitter.<anonymous> (/home/mikee/.nvm/versions/node/v5.0.0/lib/node_modules/npm/lib/utils/lifecycle.js:233:16)
14 verbose stack     at emitTwo (events.js:87:13)
14 verbose stack     at EventEmitter.emit (events.js:172:7)
14 verbose stack     at ChildProcess.<anonymous> (/home/mikee/.nvm/versions/node/v5.0.0/lib/node_modules/npm/lib/utils/spawn.js:24:14)
14 verbose stack     at emitTwo (events.js:87:13)
14 verbose stack     at ChildProcess.emit (events.js:172:7)
14 verbose stack     at maybeClose (internal/child_process.js:818:16)
14 verbose stack     at Process.ChildProcess._handle.onexit (internal/child_process.js:211:5)
15 verbose pkgid impossiblefish@0.0.1
16 verbose cwd /home/mikee/sandbox/impossiblefish
17 error Linux 4.2.0-23-generic
18 error argv "/home/mikee/.nvm/versions/node/v5.0.0/bin/node" "/home/mikee/.nvm/versions/node/v5.0.0/bin/npm" "run" "debug"
19 error node v5.0.0
20 error npm  v3.3.6
21 error code ELIFECYCLE
22 error impossiblefish@0.0.1 debug: `webpack-dev-server --devtool source-map --inline --progress --colors --content-base public`
22 error Exit status 1
23 error Failed at the impossiblefish@0.0.1 debug script 'webpack-dev-server --devtool source-map --inline --progress --colors --content-base public'.
23 error This is most likely a problem with the impossiblefish package,
23 error not with npm itself.
23 error Tell the author that this fails on your system:
23 error     webpack-dev-server --devtool source-map --inline --progress --colors --content-base public
23 error You can get their info via:
23 error     npm owner ls impossiblefish
23 error There is likely additional logging output above.
24 verbose exit [ 1, true ]
